<?xml version="1.0" encoding="UTF-8"?>
<testng-results skipped="0" failed="0" ignored="0" total="1" passed="1">
  <reporter-output>
  </reporter-output>
  <suite name="Command line suite" duration-ms="13" started-at="2019-06-16T11:28:52Z" finished-at="2019-06-16T11:28:52Z">
    <groups>
    </groups>
    <test name="Command line test" duration-ms="13" started-at="2019-06-16T11:28:52Z" finished-at="2019-06-16T11:28:52Z">
      <class name="com.TcsDevops.SeleniumProject.AppTest">
        <test-method status="PASS" signature="testApp()[pri:0, instance:testApp(com.TcsDevops.SeleniumProject.AppTest)]" name="testApp" duration-ms="1" started-at="2019-06-16T11:28:52Z" finished-at="2019-06-16T11:28:52Z">
          <reporter-output>
          </reporter-output>
        </test-method> <!-- testApp -->
      </class> <!-- com.TcsDevops.SeleniumProject.AppTest -->
    </test> <!-- Command line test -->
  </suite> <!-- Command line suite -->
</testng-results>
