<?xml version="1.0" encoding="UTF-8" ?>
<testsuite tests="7" failures="1" name="TestSuite" time="9.65" errors="0" skipped="5">
  <properties>
[...]
</properties>
  <testcase classname="com.TcsDevops.SeleniumProject.NewTest" name="setUp" time="1.334">
    <failure message="The driver executable does not exist: D:\var\jenkins_home\workspace\seleniumTesting\bin\chromedriver" type="java.lang.IllegalStateException">java.lang.IllegalStateException: The driver executable does not exist: D:\var\jenkins_home\workspace\seleniumTesting\bin\chromedriver
	at com.google.common.base.Preconditions.checkState(Preconditions.java:585)
	at org.openqa.selenium.remote.service.DriverService.checkExecutable(DriverService.java:136)
	at org.openqa.selenium.remote.service.DriverService.findExecutable(DriverService.java:131)
	at org.openqa.selenium.chrome.ChromeDriverService.access$000(ChromeDriverService.java:32)
	at org.openqa.selenium.chrome.ChromeDriverService$Builder.findDefaultExecutable(ChromeDriverService.java:137)
	at org.openqa.selenium.remote.service.DriverService$Builder.build(DriverService.java:339)
	at org.openqa.selenium.chrome.ChromeDriverService.createDefaultService(ChromeDriverService.java:88)
	at org.openqa.selenium.chrome.ChromeDriver.&lt;init&gt;(ChromeDriver.java:157)
	at com.TcsDevops.SeleniumProject.NewTest.setUp(NewTest.java:24)
</failure>
    <system-out>Configuring TestNG with: org.apache.maven.surefire.testng.conf.TestNG652Configurator@6d9c638
</system-out>
  </testcase>
  <testcase classname="com.TcsDevops.SeleniumProject.NewTest" name="checkImageDisplayed" time="1.334">
    <skipped/>
  </testcase>
  <testcase classname="com.TcsDevops.SeleniumProject.NewTest" name="quit" time="1.334">
    <skipped/>
  </testcase>
  <testcase classname="com.TcsDevops.SeleniumProject.NewTest" name="setUp" time="1.334">
    <skipped/>
  </testcase>
  <testcase classname="com.TcsDevops.SeleniumProject.NewTest" name="checkText" time="1.334">
    <skipped/>
  </testcase>
  <testcase classname="com.TcsDevops.SeleniumProject.NewTest" name="quit" time="1.334">
    <skipped/>
  </testcase>
  <testcase classname="com.TcsDevops.SeleniumProject.AppTest" name="testApp on testApp(com.TcsDevops.SeleniumProject.AppTest)" time="1.646"/>
</testsuite>